-------------------------------------------------------------------------------
Test set: ForgotPasswordTest
-------------------------------------------------------------------------------
Tests run: 1, Failures: 1, Errors: 0, Skipped: 0, Time elapsed: 9.767 s <<< FAILURE! - in ForgotPasswordTest
successfulForgotPassword  Time elapsed: 9.766 s  <<< FAILURE!
com.codeborne.selenide.ex.InvalidStateException: 
Invalid element state [By.xpath: //button[@type='button']/span[@class='MuiTouchRipple-root css-w0pj6f']]: element click intercepted: Element <span class="MuiTouchRipple-root css-w0pj6f"></span> is not clickable at point (667, 479). Other element would receive the click: <button class="MuiButtonBase-root MuiButton-root MuiButton-contained MuiButton-containedPrimary MuiButton-sizeMedium MuiButton-containedSizeMedium MuiButton-fullWidth sw-font-size-m sw-text-color-default sw-font-family-default sw-font-weight-default sw-border-radius-full sw-background-color-default hover:sw-background-color-default hover:sw-box-shadow-s sw-padding-left-xs sw-padding-right-xs sw-padding-top-5xs sw-padding-bottom-5xs sw-margin-top-4xs sw-margin-bottom-none sw-border-style-none sw-border-width-xs sw-border-color-000000 sw-letter-spacing-normal hover:sw-text-decoration-no-underline css-r7y0lz" tabindex="0" type="button">...</button>
Screenshot: file:/C:/Users/anyut/IdeaProjects/NoCodeUniversity/build/reports/tests/1687211380890.9.png
Page source: file:/C:/Users/anyut/IdeaProjects/NoCodeUniversity/build/reports/tests/1687211380890.9.html
Timeout: 4 s.
Caused by: ElementClickInterceptedException: element click intercepted: Element <span class="MuiTouchRipple-root css-w0pj6f"></span> is not clickable at point (667, 479). Other element would receive the click: <button class="MuiButtonBase-root MuiButton-root MuiButton-contained MuiButton-containedPrimary MuiButton-sizeMedium MuiButton-containedSizeMedium MuiButton-fullWidth sw-font-size-m sw-text-color-default sw-font-family-default sw-font-weight-default sw-border-radius-full sw-background-color-default hover:sw-background-color-default hover:sw-box-shadow-s sw-padding-left-xs sw-padding-right-xs sw-padding-top-5xs sw-padding-bottom-5xs sw-margin-top-4xs sw-margin-bottom-none sw-border-style-none sw-border-width-xs sw-border-color-000000 sw-letter-spacing-normal hover:sw-text-decoration-no-underline css-r7y0lz" tabindex="0" type="button">...</button>
	at ForgotPasswordTest.successfulForgotPassword(ForgotPasswordTest.java:9)
Caused by: org.openqa.selenium.ElementClickInterceptedException: 
element click intercepted: Element <span class="MuiTouchRipple-root css-w0pj6f"></span> is not clickable at point (667, 479). Other element would receive the click: <button class="MuiButtonBase-root MuiButton-root MuiButton-contained MuiButton-containedPrimary MuiButton-sizeMedium MuiButton-containedSizeMedium MuiButton-fullWidth sw-font-size-m sw-text-color-default sw-font-family-default sw-font-weight-default sw-border-radius-full sw-background-color-default hover:sw-background-color-default hover:sw-box-shadow-s sw-padding-left-xs sw-padding-right-xs sw-padding-top-5xs sw-padding-bottom-5xs sw-margin-top-4xs sw-margin-bottom-none sw-border-style-none sw-border-width-xs sw-border-color-000000 sw-letter-spacing-normal hover:sw-text-decoration-no-underline css-r7y0lz" tabindex="0" type="button">...</button>
  (Session info: chrome=114.0.5735.134)
Build info: version: '4.8.0', revision: '267030adea'
System info: os.name: 'Windows 11', os.arch: 'amd64', os.version: '10.0', java.version: '17.0.6'
Driver info: org.openqa.selenium.chrome.ChromeDriver
Command: [6841f12cf07a3eb15bcaba3861d3fc77, clickElement {id=51E2138EB14D022F159A1D4CA28D3E90_element_55}]
Capabilities {acceptInsecureCerts: true, browserName: chrome, browserVersion: 114.0.5735.134, chrome: {chromedriverVersion: 114.0.5735.90 (386bc09e8f4f..., userDataDir: C:\Users\anyut\AppData\Loca...}, goog:chromeOptions: {debuggerAddress: localhost:64659}, networkConnectionEnabled: false, pageLoadStrategy: normal, platformName: WINDOWS, proxy: Proxy(), se:cdp: ws://localhost:64659/devtoo..., se:cdpVersion: 114.0.5735.134, setWindowRect: true, strictFileInteractability: false, timeouts: {implicit: 0, pageLoad: 300000, script: 30000}, unhandledPromptBehavior: accept, webauthn:extension:credBlob: true, webauthn:extension:largeBlob: true, webauthn:extension:minPinLength: true, webauthn:extension:prf: true, webauthn:virtualAuthenticators: true}
Element: [[ChromeDriver: chrome on WINDOWS (6841f12cf07a3eb15bcaba3861d3fc77)] -> xpath: //button[@type='button']/span[@class='MuiTouchRipple-root css-w0pj6f']]
Session ID: 6841f12cf07a3eb15bcaba3861d3fc77
	at ForgotPasswordTest.successfulForgotPassword(ForgotPasswordTest.java:9)

