<?xml version="1.0" encoding="UTF-8"?>
<testsuite xmlns:xsi="http://www.w3.org/2001/XMLSchema-instance" xsi:noNamespaceSchemaLocation="https://maven.apache.org/surefire/maven-surefire-plugin/xsd/surefire-test-report.xsd" name="HomePageTest" time="34.786" tests="5" errors="1" skipped="0" failures="2">
  <properties>
[...]
</properties>
  <testcase name="buttonViewCoursesGoToTheCoursesPage" classname="HomePageTest" time="8.154"/>
  <testcase name="professorSpotlightNotHatInformationAboutStudentTeacher" classname="HomePageTest" time="10.493">
    <failure message="Element not found {By.xpath: //p[@class=&apos;sw-font-size-xs sw-text-color-616161 sw-font-family-default sw-font-weight-normal sw-text-align-left sw-letter-spacing-normal sw-padding-top-6xs sw-padding-bottom-6xs sw-padding-left-none sw-padding-right-none &apos;]}&#10;Expected: texts [Student]&#10;Screenshot: file:/C:/Users/anyut/IdeaProjects/NoCodeUniversity/build/reports/tests/1687211399516.10.png&#10;Page source: file:/C:/Users/anyut/IdeaProjects/NoCodeUniversity/build/reports/tests/1687211399516.10.html&#10;Timeout: 4 s." type="com.codeborne.selenide.ex.ElementNotFound">com.codeborne.selenide.ex.ElementNotFound: 
Element not found {By.xpath: //p[@class='sw-font-size-xs sw-text-color-616161 sw-font-family-default sw-font-weight-normal sw-text-align-left sw-letter-spacing-normal sw-padding-top-6xs sw-padding-bottom-6xs sw-padding-left-none sw-padding-right-none ']}
Expected: texts [Student]
Screenshot: file:/C:/Users/anyut/IdeaProjects/NoCodeUniversity/build/reports/tests/1687211399516.10.png
Page source: file:/C:/Users/anyut/IdeaProjects/NoCodeUniversity/build/reports/tests/1687211399516.10.html
Timeout: 4 s.
	at HomePageTest.professorSpotlightNotHatInformationAboutStudentTeacher(HomePageTest.java:48)
</failure>
    <system-err><![CDATA[[main] INFO com.codeborne.selenide.impl.WebDriverThreadLocalContainer - No webdriver is bound to current thread: 1 - let's create a new webdriver
[main] INFO com.codeborne.selenide.impl.FileHelper - Creating folder: C:\Users\anyut\IdeaProjects\NoCodeUniversity\build\downloads\1687211389553_38324_1
[main] INFO com.codeborne.selenide.webdriver.SelenideNettyClientFactory - Changed readTimeout from PT3M to PT1M30S
Starting ChromeDriver 114.0.5735.90 (386bc09e8f4f2e025eddae123f36f6263096ae49-refs/branch-heads/5735@{#1052}) on port 39267
Only local connections are allowed.
Please see https://chromedriver.chromium.org/security-considerations for suggestions on keeping ChromeDriver safe.
ChromeDriver was started successfully.
[main] INFO com.codeborne.selenide.webdriver.SelenideNettyClientFactory - Changed readTimeout from PT3M to PT1M30S
[main] INFO com.codeborne.selenide.webdriver.SelenideNettyClientFactory - Changed readTimeout from PT3M to PT1M30S
????. 19, 2023 11:49:50 ?? org.openqa.selenium.devtools.CdpVersionFinder findNearestMatch
WARNING: Unable to find CDP implementation matching 114
????. 19, 2023 11:49:50 ?? org.openqa.selenium.chromium.ChromiumDriver lambda$new$3
WARNING: Unable to find version of CDP to use for . You may need to include a dependency on a specific version of the CDP using something similar to `org.seleniumhq.selenium:selenium-devtools-v86:4.8.0` where the version ("v86") matches the version of the chromium-based browser you're using and the version number of the artifact is the same as Selenium's.
[main] INFO com.codeborne.selenide.webdriver.WebDriverFactory - BrowserName=chrome Version=114.0.5735.134 Platform=WINDOWS
[main] INFO com.codeborne.selenide.webdriver.WebDriverFactory - Selenide v. 6.11.2
[main] INFO com.codeborne.selenide.webdriver.WebDriverFactory - Selenium WebDriver v. 4.8.0 build revision: 267030adea
[main] INFO com.codeborne.selenide.drivercommands.CreateDriverCommand - Created webdriver in thread 1: ChromeDriver -> ChromeDriver: chrome on WINDOWS (5697c114dc18db1a39a3b903a2f10f16)
[main] INFO com.codeborne.selenide.drivercommands.DisposablesRegistry - Register WebDriverInstance[config=StaticConfig,webDriver=ChromeDriver: chrome on WINDOWS (5697c114dc18db1a39a3b903a2f10f16),proxy=null,downloadsFolder=C:\Users\anyut\IdeaProjects\NoCodeUniversity\build\downloads\1687211389553_38324_1] in 1 [size=1]
[main] INFO com.codeborne.selenide.impl.FileHelper - Deleted empty folder: C:\Users\anyut\IdeaProjects\NoCodeUniversity\build\downloads\1687211389553_38324_1
[main] INFO com.codeborne.selenide.drivercommands.CloseDriverCommand - Close webdriver: 1 -> ChromeDriver: chrome on WINDOWS (5697c114dc18db1a39a3b903a2f10f16)...
[main] INFO com.codeborne.selenide.drivercommands.CloseDriverCommand - Closed webdriver 1 in 177 ms
[main] INFO com.codeborne.selenide.drivercommands.DisposablesRegistry - Unregister WebDriverInstance[config=StaticConfig,webDriver=ChromeDriver: chrome on WINDOWS (null),proxy=null,downloadsFolder=C:\Users\anyut\IdeaProjects\NoCodeUniversity\build\downloads\1687211389553_38324_1] in 1 [size=0]
]]></system-err>
  </testcase>
  <testcase name="buttonStudentDirectoryGoToTheStudentDirectoryPage" classname="HomePageTest" time="6.287">
    <error message="invalid selector: An invalid or illegal selector was specified&#10;  (Session info: chrome=114.0.5735.134)&#10;For documentation on this error, please visit: https://selenium.dev/exceptions/#invalid_selector_exception&#10;Build info: version: &apos;4.8.0&apos;, revision: &apos;267030adea&apos;&#10;System info: os.name: &apos;Windows 11&apos;, os.arch: &apos;amd64&apos;, os.version: &apos;10.0&apos;, java.version: &apos;17.0.6&apos;&#10;Driver info: org.openqa.selenium.chrome.ChromeDriver&#10;Command: [fdc8a971da1345109c74bd549dec4292, findElement {using=css selector, value= //a[contains(text(), &apos;Student Directory&apos;)]}]&#10;Capabilities {acceptInsecureCerts: true, browserName: chrome, browserVersion: 114.0.5735.134, chrome: {chromedriverVersion: 114.0.5735.90 (386bc09e8f4f..., userDataDir: C:\Users\anyut\AppData\Loca...}, goog:chromeOptions: {debuggerAddress: localhost:64799}, networkConnectionEnabled: false, pageLoadStrategy: normal, platformName: WINDOWS, proxy: Proxy(), se:cdp: ws://localhost:64799/devtoo..., se:cdpVersion: 114.0.5735.134, setWindowRect: true, strictFileInteractability: false, timeouts: {implicit: 0, pageLoad: 300000, script: 30000}, unhandledPromptBehavior: accept, webauthn:extension:credBlob: true, webauthn:extension:largeBlob: true, webauthn:extension:minPinLength: true, webauthn:extension:prf: true, webauthn:virtualAuthenticators: true}&#10;Session ID: fdc8a971da1345109c74bd549dec4292" type="org.openqa.selenium.InvalidSelectorException">org.openqa.selenium.InvalidSelectorException: 
invalid selector: An invalid or illegal selector was specified
  (Session info: chrome=114.0.5735.134)
For documentation on this error, please visit: https://selenium.dev/exceptions/#invalid_selector_exception
Build info: version: '4.8.0', revision: '267030adea'
System info: os.name: 'Windows 11', os.arch: 'amd64', os.version: '10.0', java.version: '17.0.6'
Driver info: org.openqa.selenium.chrome.ChromeDriver
Command: [fdc8a971da1345109c74bd549dec4292, findElement {using=css selector, value= //a[contains(text(), 'Student Directory')]}]
Capabilities {acceptInsecureCerts: true, browserName: chrome, browserVersion: 114.0.5735.134, chrome: {chromedriverVersion: 114.0.5735.90 (386bc09e8f4f..., userDataDir: C:\Users\anyut\AppData\Loca...}, goog:chromeOptions: {debuggerAddress: localhost:64799}, networkConnectionEnabled: false, pageLoadStrategy: normal, platformName: WINDOWS, proxy: Proxy(), se:cdp: ws://localhost:64799/devtoo..., se:cdpVersion: 114.0.5735.134, setWindowRect: true, strictFileInteractability: false, timeouts: {implicit: 0, pageLoad: 300000, script: 30000}, unhandledPromptBehavior: accept, webauthn:extension:credBlob: true, webauthn:extension:largeBlob: true, webauthn:extension:minPinLength: true, webauthn:extension:prf: true, webauthn:virtualAuthenticators: true}
Session ID: fdc8a971da1345109c74bd549dec4292
	at HomePageTest.buttonStudentDirectoryGoToTheStudentDirectoryPage(HomePageTest.java:39)
</error>
    <system-err><![CDATA[[main] INFO com.codeborne.selenide.impl.WebDriverThreadLocalContainer - No webdriver is bound to current thread: 1 - let's create a new webdriver
[main] INFO com.codeborne.selenide.impl.FileHelper - Creating folder: C:\Users\anyut\IdeaProjects\NoCodeUniversity\build\downloads\1687211400046_38324_1
[main] INFO com.codeborne.selenide.webdriver.SelenideNettyClientFactory - Changed readTimeout from PT3M to PT1M30S
Starting ChromeDriver 114.0.5735.90 (386bc09e8f4f2e025eddae123f36f6263096ae49-refs/branch-heads/5735@{#1052}) on port 17536
Only local connections are allowed.
Please see https://chromedriver.chromium.org/security-considerations for suggestions on keeping ChromeDriver safe.
ChromeDriver was started successfully.
[main] INFO com.codeborne.selenide.webdriver.SelenideNettyClientFactory - Changed readTimeout from PT3M to PT1M30S
[main] INFO com.codeborne.selenide.webdriver.SelenideNettyClientFactory - Changed readTimeout from PT3M to PT1M30S
????. 19, 2023 11:50:01 ?? org.openqa.selenium.devtools.CdpVersionFinder findNearestMatch
WARNING: Unable to find CDP implementation matching 114
????. 19, 2023 11:50:01 ?? org.openqa.selenium.chromium.ChromiumDriver lambda$new$3
WARNING: Unable to find version of CDP to use for . You may need to include a dependency on a specific version of the CDP using something similar to `org.seleniumhq.selenium:selenium-devtools-v86:4.8.0` where the version ("v86") matches the version of the chromium-based browser you're using and the version number of the artifact is the same as Selenium's.
[main] INFO com.codeborne.selenide.webdriver.WebDriverFactory - BrowserName=chrome Version=114.0.5735.134 Platform=WINDOWS
[main] INFO com.codeborne.selenide.webdriver.WebDriverFactory - Selenide v. 6.11.2
[main] INFO com.codeborne.selenide.webdriver.WebDriverFactory - Selenium WebDriver v. 4.8.0 build revision: 267030adea
[main] INFO com.codeborne.selenide.drivercommands.CreateDriverCommand - Created webdriver in thread 1: ChromeDriver -> ChromeDriver: chrome on WINDOWS (fdc8a971da1345109c74bd549dec4292)
[main] INFO com.codeborne.selenide.drivercommands.DisposablesRegistry - Register WebDriverInstance[config=StaticConfig,webDriver=ChromeDriver: chrome on WINDOWS (fdc8a971da1345109c74bd549dec4292),proxy=null,downloadsFolder=C:\Users\anyut\IdeaProjects\NoCodeUniversity\build\downloads\1687211400046_38324_1] in 1 [size=1]
[main] INFO com.codeborne.selenide.impl.FileHelper - Deleted empty folder: C:\Users\anyut\IdeaProjects\NoCodeUniversity\build\downloads\1687211400046_38324_1
[main] INFO com.codeborne.selenide.drivercommands.CloseDriverCommand - Close webdriver: 1 -> ChromeDriver: chrome on WINDOWS (fdc8a971da1345109c74bd549dec4292)...
[main] INFO com.codeborne.selenide.drivercommands.CloseDriverCommand - Closed webdriver 1 in 171 ms
[main] INFO com.codeborne.selenide.drivercommands.DisposablesRegistry - Unregister WebDriverInstance[config=StaticConfig,webDriver=ChromeDriver: chrome on WINDOWS (null),proxy=null,downloadsFolder=C:\Users\anyut\IdeaProjects\NoCodeUniversity\build\downloads\1687211400046_38324_1] in 1 [size=0]
]]></system-err>
  </testcase>
  <testcase name="logoIsVisible" classname="HomePageTest" time="2.898"/>
  <testcase name="professorSpotlightNotHatInformationAboutStudent" classname="HomePageTest" time="6.954">
    <failure message="Element not found {By.xpath: //p[@class=&apos;sw-font-size-xs sw-text-color-616161 sw-font-family-default sw-font-weight-normal sw-text-align-left sw-letter-spacing-normal sw-padding-top-6xs sw-padding-bottom-6xs sw-padding-left-none sw-padding-right-none &apos;]}&#10;Expected: texts [Student]&#10;Screenshot: file:/C:/Users/anyut/IdeaProjects/NoCodeUniversity/build/reports/tests/1687211415703.11.png&#10;Page source: file:/C:/Users/anyut/IdeaProjects/NoCodeUniversity/build/reports/tests/1687211415703.11.html&#10;Timeout: 4 s." type="com.codeborne.selenide.ex.ElementNotFound">com.codeborne.selenide.ex.ElementNotFound: 
Element not found {By.xpath: //p[@class='sw-font-size-xs sw-text-color-616161 sw-font-family-default sw-font-weight-normal sw-text-align-left sw-letter-spacing-normal sw-padding-top-6xs sw-padding-bottom-6xs sw-padding-left-none sw-padding-right-none ']}
Expected: texts [Student]
Screenshot: file:/C:/Users/anyut/IdeaProjects/NoCodeUniversity/build/reports/tests/1687211415703.11.png
Page source: file:/C:/Users/anyut/IdeaProjects/NoCodeUniversity/build/reports/tests/1687211415703.11.html
Timeout: 4 s.
	at HomePageTest.professorSpotlightNotHatInformationAboutStudent(HomePageTest.java:21)
</failure>
    <system-err><![CDATA[[main] INFO com.codeborne.selenide.impl.WebDriverThreadLocalContainer - No webdriver is bound to current thread: 1 - let's create a new webdriver
[main] INFO com.codeborne.selenide.impl.FileHelper - Creating folder: C:\Users\anyut\IdeaProjects\NoCodeUniversity\build\downloads\1687211409232_38324_1
[main] INFO com.codeborne.selenide.webdriver.SelenideNettyClientFactory - Changed readTimeout from PT3M to PT1M30S
Starting ChromeDriver 114.0.5735.90 (386bc09e8f4f2e025eddae123f36f6263096ae49-refs/branch-heads/5735@{#1052}) on port 42711
Only local connections are allowed.
Please see https://chromedriver.chromium.org/security-considerations for suggestions on keeping ChromeDriver safe.
ChromeDriver was started successfully.
[main] INFO com.codeborne.selenide.webdriver.SelenideNettyClientFactory - Changed readTimeout from PT3M to PT1M30S
[main] INFO com.codeborne.selenide.webdriver.SelenideNettyClientFactory - Changed readTimeout from PT3M to PT1M30S
????. 19, 2023 11:50:10 ?? org.openqa.selenium.devtools.CdpVersionFinder findNearestMatch
WARNING: Unable to find CDP implementation matching 114
????. 19, 2023 11:50:10 ?? org.openqa.selenium.chromium.ChromiumDriver lambda$new$3
WARNING: Unable to find version of CDP to use for . You may need to include a dependency on a specific version of the CDP using something similar to `org.seleniumhq.selenium:selenium-devtools-v86:4.8.0` where the version ("v86") matches the version of the chromium-based browser you're using and the version number of the artifact is the same as Selenium's.
[main] INFO com.codeborne.selenide.webdriver.WebDriverFactory - BrowserName=chrome Version=114.0.5735.134 Platform=WINDOWS
[main] INFO com.codeborne.selenide.webdriver.WebDriverFactory - Selenide v. 6.11.2
[main] INFO com.codeborne.selenide.webdriver.WebDriverFactory - Selenium WebDriver v. 4.8.0 build revision: 267030adea
[main] INFO com.codeborne.selenide.drivercommands.CreateDriverCommand - Created webdriver in thread 1: ChromeDriver -> ChromeDriver: chrome on WINDOWS (4ac1c3e7163caf00d2b80bfca3bf36a3)
[main] INFO com.codeborne.selenide.drivercommands.DisposablesRegistry - Register WebDriverInstance[config=StaticConfig,webDriver=ChromeDriver: chrome on WINDOWS (4ac1c3e7163caf00d2b80bfca3bf36a3),proxy=null,downloadsFolder=C:\Users\anyut\IdeaProjects\NoCodeUniversity\build\downloads\1687211409232_38324_1] in 1 [size=1]
[main] INFO com.codeborne.selenide.impl.FileHelper - Deleted empty folder: C:\Users\anyut\IdeaProjects\NoCodeUniversity\build\downloads\1687211409232_38324_1
[main] INFO com.codeborne.selenide.drivercommands.CloseDriverCommand - Close webdriver: 1 -> ChromeDriver: chrome on WINDOWS (4ac1c3e7163caf00d2b80bfca3bf36a3)...
[main] INFO com.codeborne.selenide.drivercommands.CloseDriverCommand - Closed webdriver 1 in 178 ms
[main] INFO com.codeborne.selenide.drivercommands.DisposablesRegistry - Unregister WebDriverInstance[config=StaticConfig,webDriver=ChromeDriver: chrome on WINDOWS (null),proxy=null,downloadsFolder=C:\Users\anyut\IdeaProjects\NoCodeUniversity\build\downloads\1687211409232_38324_1] in 1 [size=0]
]]></system-err>
  </testcase>
</testsuite>