<?xml version="1.0" encoding="UTF-8"?>
<testsuite xmlns:xsi="http://www.w3.org/2001/XMLSchema-instance" xsi:noNamespaceSchemaLocation="https://maven.apache.org/surefire/maven-surefire-plugin/xsd/surefire-test-report.xsd" name="ForgotPasswordTest" time="9.767" tests="1" errors="0" skipped="0" failures="1">
  <properties>
[...]
</properties>
  <testcase name="successfulForgotPassword" classname="ForgotPasswordTest" time="9.766">
    <failure message="Invalid element state [By.xpath: //button[@type=&apos;button&apos;]/span[@class=&apos;MuiTouchRipple-root css-w0pj6f&apos;]]: element click intercepted: Element &lt;span class=&quot;MuiTouchRipple-root css-w0pj6f&quot;&gt;&lt;/span&gt; is not clickable at point (667, 479). Other element would receive the click: &lt;button class=&quot;MuiButtonBase-root MuiButton-root MuiButton-contained MuiButton-containedPrimary MuiButton-sizeMedium MuiButton-containedSizeMedium MuiButton-fullWidth sw-font-size-m sw-text-color-default sw-font-family-default sw-font-weight-default sw-border-radius-full sw-background-color-default hover:sw-background-color-default hover:sw-box-shadow-s sw-padding-left-xs sw-padding-right-xs sw-padding-top-5xs sw-padding-bottom-5xs sw-margin-top-4xs sw-margin-bottom-none sw-border-style-none sw-border-width-xs sw-border-color-000000 sw-letter-spacing-normal hover:sw-text-decoration-no-underline css-r7y0lz&quot; tabindex=&quot;0&quot; type=&quot;button&quot;&gt;...&lt;/button&gt;&#10;Screenshot: file:/C:/Users/anyut/IdeaProjects/NoCodeUniversity/build/reports/tests/1687211380890.9.png&#10;Page source: file:/C:/Users/anyut/IdeaProjects/NoCodeUniversity/build/reports/tests/1687211380890.9.html&#10;Timeout: 4 s.&#10;Caused by: ElementClickInterceptedException: element click intercepted: Element &lt;span class=&quot;MuiTouchRipple-root css-w0pj6f&quot;&gt;&lt;/span&gt; is not clickable at point (667, 479). Other element would receive the click: &lt;button class=&quot;MuiButtonBase-root MuiButton-root MuiButton-contained MuiButton-containedPrimary MuiButton-sizeMedium MuiButton-containedSizeMedium MuiButton-fullWidth sw-font-size-m sw-text-color-default sw-font-family-default sw-font-weight-default sw-border-radius-full sw-background-color-default hover:sw-background-color-default hover:sw-box-shadow-s sw-padding-left-xs sw-padding-right-xs sw-padding-top-5xs sw-padding-bottom-5xs sw-margin-top-4xs sw-margin-bottom-none sw-border-style-none sw-border-width-xs sw-border-color-000000 sw-letter-spacing-normal hover:sw-text-decoration-no-underline css-r7y0lz&quot; tabindex=&quot;0&quot; type=&quot;button&quot;&gt;...&lt;/button&gt;" type="com.codeborne.selenide.ex.InvalidStateException"><![CDATA[com.codeborne.selenide.ex.InvalidStateException: 
Invalid element state [By.xpath: //button[@type='button']/span[@class='MuiTouchRipple-root css-w0pj6f']]: element click intercepted: Element <span class="MuiTouchRipple-root css-w0pj6f"></span> is not clickable at point (667, 479). Other element would receive the click: <button class="MuiButtonBase-root MuiButton-root MuiButton-contained MuiButton-containedPrimary MuiButton-sizeMedium MuiButton-containedSizeMedium MuiButton-fullWidth sw-font-size-m sw-text-color-default sw-font-family-default sw-font-weight-default sw-border-radius-full sw-background-color-default hover:sw-background-color-default hover:sw-box-shadow-s sw-padding-left-xs sw-padding-right-xs sw-padding-top-5xs sw-padding-bottom-5xs sw-margin-top-4xs sw-margin-bottom-none sw-border-style-none sw-border-width-xs sw-border-color-000000 sw-letter-spacing-normal hover:sw-text-decoration-no-underline css-r7y0lz" tabindex="0" type="button">...</button>
Screenshot: file:/C:/Users/anyut/IdeaProjects/NoCodeUniversity/build/reports/tests/1687211380890.9.png
Page source: file:/C:/Users/anyut/IdeaProjects/NoCodeUniversity/build/reports/tests/1687211380890.9.html
Timeout: 4 s.
Caused by: ElementClickInterceptedException: element click intercepted: Element <span class="MuiTouchRipple-root css-w0pj6f"></span> is not clickable at point (667, 479). Other element would receive the click: <button class="MuiButtonBase-root MuiButton-root MuiButton-contained MuiButton-containedPrimary MuiButton-sizeMedium MuiButton-containedSizeMedium MuiButton-fullWidth sw-font-size-m sw-text-color-default sw-font-family-default sw-font-weight-default sw-border-radius-full sw-background-color-default hover:sw-background-color-default hover:sw-box-shadow-s sw-padding-left-xs sw-padding-right-xs sw-padding-top-5xs sw-padding-bottom-5xs sw-margin-top-4xs sw-margin-bottom-none sw-border-style-none sw-border-width-xs sw-border-color-000000 sw-letter-spacing-normal hover:sw-text-decoration-no-underline css-r7y0lz" tabindex="0" type="button">...</button>
	at ForgotPasswordTest.successfulForgotPassword(ForgotPasswordTest.java:9)
Caused by: org.openqa.selenium.ElementClickInterceptedException: 
element click intercepted: Element <span class="MuiTouchRipple-root css-w0pj6f"></span> is not clickable at point (667, 479). Other element would receive the click: <button class="MuiButtonBase-root MuiButton-root MuiButton-contained MuiButton-containedPrimary MuiButton-sizeMedium MuiButton-containedSizeMedium MuiButton-fullWidth sw-font-size-m sw-text-color-default sw-font-family-default sw-font-weight-default sw-border-radius-full sw-background-color-default hover:sw-background-color-default hover:sw-box-shadow-s sw-padding-left-xs sw-padding-right-xs sw-padding-top-5xs sw-padding-bottom-5xs sw-margin-top-4xs sw-margin-bottom-none sw-border-style-none sw-border-width-xs sw-border-color-000000 sw-letter-spacing-normal hover:sw-text-decoration-no-underline css-r7y0lz" tabindex="0" type="button">...</button>
  (Session info: chrome=114.0.5735.134)
Build info: version: '4.8.0', revision: '267030adea'
System info: os.name: 'Windows 11', os.arch: 'amd64', os.version: '10.0', java.version: '17.0.6'
Driver info: org.openqa.selenium.chrome.ChromeDriver
Command: [6841f12cf07a3eb15bcaba3861d3fc77, clickElement {id=51E2138EB14D022F159A1D4CA28D3E90_element_55}]
Capabilities {acceptInsecureCerts: true, browserName: chrome, browserVersion: 114.0.5735.134, chrome: {chromedriverVersion: 114.0.5735.90 (386bc09e8f4f..., userDataDir: C:\Users\anyut\AppData\Loca...}, goog:chromeOptions: {debuggerAddress: localhost:64659}, networkConnectionEnabled: false, pageLoadStrategy: normal, platformName: WINDOWS, proxy: Proxy(), se:cdp: ws://localhost:64659/devtoo..., se:cdpVersion: 114.0.5735.134, setWindowRect: true, strictFileInteractability: false, timeouts: {implicit: 0, pageLoad: 300000, script: 30000}, unhandledPromptBehavior: accept, webauthn:extension:credBlob: true, webauthn:extension:largeBlob: true, webauthn:extension:minPinLength: true, webauthn:extension:prf: true, webauthn:virtualAuthenticators: true}
Element: [[ChromeDriver: chrome on WINDOWS (6841f12cf07a3eb15bcaba3861d3fc77)] -> xpath: //button[@type='button']/span[@class='MuiTouchRipple-root css-w0pj6f']]
Session ID: 6841f12cf07a3eb15bcaba3861d3fc77
	at ForgotPasswordTest.successfulForgotPassword(ForgotPasswordTest.java:9)
]]></failure>
    <system-err><![CDATA[[main] INFO com.codeborne.selenide.impl.WebDriverThreadLocalContainer - No webdriver is bound to current thread: 1 - let's create a new webdriver
[main] INFO com.codeborne.selenide.impl.FileHelper - Creating folder: C:\Users\anyut\IdeaProjects\NoCodeUniversity\build\downloads\1687211371584_38324_1
[main] INFO com.codeborne.selenide.webdriver.SelenideNettyClientFactory - Changed readTimeout from PT3M to PT1M30S
Starting ChromeDriver 114.0.5735.90 (386bc09e8f4f2e025eddae123f36f6263096ae49-refs/branch-heads/5735@{#1052}) on port 15240
Only local connections are allowed.
Please see https://chromedriver.chromium.org/security-considerations for suggestions on keeping ChromeDriver safe.
ChromeDriver was started successfully.
[main] INFO com.codeborne.selenide.webdriver.SelenideNettyClientFactory - Changed readTimeout from PT3M to PT1M30S
[main] INFO com.codeborne.selenide.webdriver.SelenideNettyClientFactory - Changed readTimeout from PT3M to PT1M30S
????. 19, 2023 11:49:32 ?? org.openqa.selenium.devtools.CdpVersionFinder findNearestMatch
WARNING: Unable to find CDP implementation matching 114
????. 19, 2023 11:49:32 ?? org.openqa.selenium.chromium.ChromiumDriver lambda$new$3
WARNING: Unable to find version of CDP to use for . You may need to include a dependency on a specific version of the CDP using something similar to `org.seleniumhq.selenium:selenium-devtools-v86:4.8.0` where the version ("v86") matches the version of the chromium-based browser you're using and the version number of the artifact is the same as Selenium's.
[main] INFO com.codeborne.selenide.webdriver.WebDriverFactory - BrowserName=chrome Version=114.0.5735.134 Platform=WINDOWS
[main] INFO com.codeborne.selenide.webdriver.WebDriverFactory - Selenide v. 6.11.2
[main] INFO com.codeborne.selenide.webdriver.WebDriverFactory - Selenium WebDriver v. 4.8.0 build revision: 267030adea
[main] INFO com.codeborne.selenide.drivercommands.CreateDriverCommand - Created webdriver in thread 1: ChromeDriver -> ChromeDriver: chrome on WINDOWS (6841f12cf07a3eb15bcaba3861d3fc77)
[main] INFO com.codeborne.selenide.drivercommands.DisposablesRegistry - Register WebDriverInstance[config=StaticConfig,webDriver=ChromeDriver: chrome on WINDOWS (6841f12cf07a3eb15bcaba3861d3fc77),proxy=null,downloadsFolder=C:\Users\anyut\IdeaProjects\NoCodeUniversity\build\downloads\1687211371584_38324_1] in 1 [size=1]
[main] INFO com.codeborne.selenide.impl.FileHelper - Deleted empty folder: C:\Users\anyut\IdeaProjects\NoCodeUniversity\build\downloads\1687211371584_38324_1
[main] INFO com.codeborne.selenide.drivercommands.CloseDriverCommand - Close webdriver: 1 -> ChromeDriver: chrome on WINDOWS (6841f12cf07a3eb15bcaba3861d3fc77)...
[main] INFO com.codeborne.selenide.drivercommands.CloseDriverCommand - Closed webdriver 1 in 242 ms
[main] INFO com.codeborne.selenide.drivercommands.DisposablesRegistry - Unregister WebDriverInstance[config=StaticConfig,webDriver=ChromeDriver: chrome on WINDOWS (null),proxy=null,downloadsFolder=C:\Users\anyut\IdeaProjects\NoCodeUniversity\build\downloads\1687211371584_38324_1] in 1 [size=0]
]]></system-err>
  </testcase>
</testsuite>